18-Dec-2024 10:46:16.282 INFO [main] org.apache.catalina.startup.VersionLoggerListener.log 서버 버전 이름:    Apache Tomcat/9.0.46
18-Dec-2024 10:46:16.286 INFO [main] org.apache.catalina.startup.VersionLoggerListener.log Server 빌드 시각:  May 8 2021 17:35:52 UTC
18-Dec-2024 10:46:16.286 INFO [main] org.apache.catalina.startup.VersionLoggerListener.log Server 버전 번호:  9.0.46.0
18-Dec-2024 10:46:16.286 INFO [main] org.apache.catalina.startup.VersionLoggerListener.log 운영체제 이름:     Windows 10
18-Dec-2024 10:46:16.287 INFO [main] org.apache.catalina.startup.VersionLoggerListener.log 운영체제 버전:     10.0
18-Dec-2024 10:46:16.287 INFO [main] org.apache.catalina.startup.VersionLoggerListener.log 아키텍처:          amd64
18-Dec-2024 10:46:16.287 INFO [main] org.apache.catalina.startup.VersionLoggerListener.log 자바 홈:           C:\Program Files\jdk-11.0.2
18-Dec-2024 10:46:16.288 INFO [main] org.apache.catalina.startup.VersionLoggerListener.log JVM 버전:          11.0.2+9
18-Dec-2024 10:46:16.288 INFO [main] org.apache.catalina.startup.VersionLoggerListener.log JVM 벤더:          Oracle Corporation
18-Dec-2024 10:46:16.288 INFO [main] org.apache.catalina.startup.VersionLoggerListener.log CATALINA_BASE:     C:\Users\sdedu\Desktop\myproject\Servers\apache-tomcat-9.0.46
18-Dec-2024 10:46:16.288 INFO [main] org.apache.catalina.startup.VersionLoggerListener.log CATALINA_HOME:     C:\Users\sdedu\Desktop\myproject\Servers\apache-tomcat-9.0.46
18-Dec-2024 10:46:16.297 INFO [main] org.apache.catalina.startup.VersionLoggerListener.log 명령 행 아규먼트:  --add-opens=java.base/java.lang=ALL-UNNAMED
18-Dec-2024 10:46:16.297 INFO [main] org.apache.catalina.startup.VersionLoggerListener.log 명령 행 아규먼트:  --add-opens=java.base/java.io=ALL-UNNAMED
18-Dec-2024 10:46:16.297 INFO [main] org.apache.catalina.startup.VersionLoggerListener.log 명령 행 아규먼트:  --add-opens=java.base/java.util=ALL-UNNAMED
18-Dec-2024 10:46:16.298 INFO [main] org.apache.catalina.startup.VersionLoggerListener.log 명령 행 아규먼트:  --add-opens=java.base/java.util.concurrent=ALL-UNNAMED
18-Dec-2024 10:46:16.298 INFO [main] org.apache.catalina.startup.VersionLoggerListener.log 명령 행 아규먼트:  --add-opens=java.rmi/sun.rmi.transport=ALL-UNNAMED
18-Dec-2024 10:46:16.298 INFO [main] org.apache.catalina.startup.VersionLoggerListener.log 명령 행 아규먼트:  -Djava.util.logging.config.file=C:/Users/sdedu/Desktop/myproject/Servers/apache-tomcat-9.0.46/conf/logging.properties
18-Dec-2024 10:46:16.298 INFO [main] org.apache.catalina.startup.VersionLoggerListener.log 명령 행 아규먼트:  -Djava.util.logging.manager=org.apache.juli.ClassLoaderLogManager
18-Dec-2024 10:46:16.298 INFO [main] org.apache.catalina.startup.VersionLoggerListener.log 명령 행 아규먼트:  -Djdk.tls.ephemeralDHKeySize=2048
18-Dec-2024 10:46:16.298 INFO [main] org.apache.catalina.startup.VersionLoggerListener.log 명령 행 아규먼트:  -Djava.protocol.handler.pkgs=org.apache.catalina.webresources
18-Dec-2024 10:46:16.299 INFO [main] org.apache.catalina.startup.VersionLoggerListener.log 명령 행 아규먼트:  -Dorg.apache.catalina.security.SecurityListener.UMASK=0027
18-Dec-2024 10:46:16.299 INFO [main] org.apache.catalina.startup.VersionLoggerListener.log 명령 행 아규먼트:  -Dignore.endorsed.dirs=
18-Dec-2024 10:46:16.299 INFO [main] org.apache.catalina.startup.VersionLoggerListener.log 명령 행 아규먼트:  -Dcatalina.base=C:/Users/sdedu/Desktop/myproject/Servers/apache-tomcat-9.0.46
18-Dec-2024 10:46:16.299 INFO [main] org.apache.catalina.startup.VersionLoggerListener.log 명령 행 아규먼트:  -Dcatalina.home=C:/Users/sdedu/Desktop/myproject/Servers/apache-tomcat-9.0.46
18-Dec-2024 10:46:16.299 INFO [main] org.apache.catalina.startup.VersionLoggerListener.log 명령 행 아규먼트:  -Djava.io.tmpdir=C:/Users/sdedu/Desktop/myproject/Servers/apache-tomcat-9.0.46/temp
18-Dec-2024 10:46:16.304 INFO [main] org.apache.catalina.core.AprLifecycleListener.lifecycleEvent 프로덕션 환경들에서 최적의 성능을 제공하는, APR 기반 Apache Tomcat Native 라이브러리가, 다음 java.library.path에서 발견되지 않습니다: [C:\Program Files\jdk-11.0.2\bin;C:\WINDOWS\Sun\Java\bin;C:\WINDOWS\system32;C:\WINDOWS;C:\Users\sdedu\bin;C:\Program Files\Git\mingw64\bin;C:\Program Files\Git\usr\local\bin;C:\Program Files\Git\usr\bin;C:\Program Files\Git\usr\bin;C:\Program Files\Git\mingw64\bin;C:\Program Files\Git\usr\bin;C:\Users\sdedu\bin;C:\oraclexe\app\oracle\product\11.2.0\server\bin;C:\WINDOWS\system32;C:\WINDOWS;C:\WINDOWS\System32\Wbem;C:\WINDOWS\System32\WindowsPowerShell\v1.0;C:\WINDOWS\System32\OpenSSH;C:\Program Files\Git\cmd;C:\Users\sdedu\AppData\Local\Programs\Python\Python312\Scripts;C:\Users\sdedu\AppData\Local\Programs\Python\Python312;C:\Users\sdedu\AppData\Local\Microsoft\WindowsApps;C:\Program Files\JetBrains\PyCharm Community Edition 2024.2.1\bin;C:\Program Files\jdk-11.0.2\bin;C:\Program Files\Git\usr\bin\vendor_perl;C:\Program Files\Git\usr\bin\core_perl;.]
18-Dec-2024 10:46:16.575 INFO [main] org.apache.coyote.AbstractProtocol.init 프로토콜 핸들러 ["http-nio-8080"]을(를) 초기화합니다.
18-Dec-2024 10:46:16.659 INFO [main] org.apache.catalina.startup.Catalina.load [581] 밀리초 내에 서버가 초기화되었습니다.
18-Dec-2024 10:46:16.711 INFO [main] org.apache.catalina.core.StandardService.startInternal 서비스 [Catalina]을(를) 시작합니다.
18-Dec-2024 10:46:16.711 INFO [main] org.apache.catalina.core.StandardEngine.startInternal 서버 엔진을 시작합니다: [Apache Tomcat/9.0.46]
18-Dec-2024 10:46:16.720 INFO [main] org.apache.catalina.startup.HostConfig.deployDirectory 웹 애플리케이션 디렉토리 [C:\Users\sdedu\Desktop\myproject\Servers\apache-tomcat-9.0.46\webapps\docs]을(를) 배치합니다.
18-Dec-2024 10:46:17.010 INFO [main] org.apache.catalina.startup.HostConfig.deployDirectory 웹 애플리케이션 디렉토리 [C:\Users\sdedu\Desktop\myproject\Servers\apache-tomcat-9.0.46\webapps\docs]에 대한 배치가 [288] 밀리초에 완료되었습니다.
18-Dec-2024 10:46:17.010 INFO [main] org.apache.catalina.startup.HostConfig.deployDirectory 웹 애플리케이션 디렉토리 [C:\Users\sdedu\Desktop\myproject\Servers\apache-tomcat-9.0.46\webapps\examples]을(를) 배치합니다.
18-Dec-2024 10:46:17.343 INFO [main] org.apache.catalina.startup.HostConfig.deployDirectory 웹 애플리케이션 디렉토리 [C:\Users\sdedu\Desktop\myproject\Servers\apache-tomcat-9.0.46\webapps\examples]에 대한 배치가 [333] 밀리초에 완료되었습니다.
18-Dec-2024 10:46:17.343 INFO [main] org.apache.catalina.startup.HostConfig.deployDirectory 웹 애플리케이션 디렉토리 [C:\Users\sdedu\Desktop\myproject\Servers\apache-tomcat-9.0.46\webapps\host-manager]을(를) 배치합니다.
18-Dec-2024 10:46:17.380 INFO [main] org.apache.catalina.startup.HostConfig.deployDirectory 웹 애플리케이션 디렉토리 [C:\Users\sdedu\Desktop\myproject\Servers\apache-tomcat-9.0.46\webapps\host-manager]에 대한 배치가 [37] 밀리초에 완료되었습니다.
18-Dec-2024 10:46:17.382 INFO [main] org.apache.catalina.startup.HostConfig.deployDirectory 웹 애플리케이션 디렉토리 [C:\Users\sdedu\Desktop\myproject\Servers\apache-tomcat-9.0.46\webapps\manager]을(를) 배치합니다.
18-Dec-2024 10:46:17.428 INFO [main] org.apache.catalina.startup.HostConfig.deployDirectory 웹 애플리케이션 디렉토리 [C:\Users\sdedu\Desktop\myproject\Servers\apache-tomcat-9.0.46\webapps\manager]에 대한 배치가 [46] 밀리초에 완료되었습니다.
18-Dec-2024 10:46:17.428 INFO [main] org.apache.catalina.startup.HostConfig.deployDirectory 웹 애플리케이션 디렉토리 [C:\Users\sdedu\Desktop\myproject\Servers\apache-tomcat-9.0.46\webapps\ROOT]을(를) 배치합니다.
18-Dec-2024 10:46:17.462 INFO [main] org.apache.catalina.startup.HostConfig.deployDirectory 웹 애플리케이션 디렉토리 [C:\Users\sdedu\Desktop\myproject\Servers\apache-tomcat-9.0.46\webapps\ROOT]에 대한 배치가 [34] 밀리초에 완료되었습니다.
18-Dec-2024 10:46:17.468 INFO [main] org.apache.coyote.AbstractProtocol.start 프로토콜 핸들러 ["http-nio-8080"]을(를) 시작합니다.
18-Dec-2024 10:46:17.477 INFO [main] org.apache.catalina.startup.Catalina.start 서버가 [817] 밀리초 내에 시작되었습니다.
